[22:07:39] [main/INFO] (FabricLoader/GameProvider) Loading Minecraft 1.20.1 with Fabric Loader 0.14.21
[22:07:39] [main/INFO] (FabricLoader) Loading 46 mods:
	- fabric-api 0.86.1+1.20.1
	- fabric-api-base 0.4.30+7abfd51577
	- fabric-api-lookup-api-v1 1.6.35+4d8536c977
	- fabric-biome-api-v1 13.0.10+b3afc78b77
	- fabric-block-api-v1 1.0.9+e022e5d177
	- fabric-blockrenderlayer-v1 1.1.40+b3afc78b77
	- fabric-client-tags-api-v1 1.1.1+97bb207577
	- fabric-command-api-v2 2.2.12+b3afc78b77
	- fabric-content-registries-v0 4.0.9+b3afc78b77
	- fabric-convention-tags-v1 1.5.4+a1a980da77
	- fabric-crash-report-info-v1 0.2.18+aeb40ebe77
	- fabric-data-generation-api-v1 12.2.1+1e61dba177
	- fabric-dimensions-v1 2.1.52+b3afc78b77
	- fabric-entity-events-v1 1.5.22+b3afc78b77
	- fabric-events-interaction-v0 0.6.1+e91849a877
	- fabric-game-rule-api-v1 1.0.38+b04edc7a77
	- fabric-gametest-api-v1 1.2.12+b3afc78b77
	- fabric-item-api-v1 2.1.27+b3afc78b77
	- fabric-item-group-api-v1 4.0.10+23d9108177
	- fabric-key-binding-api-v1 1.0.36+fb8d95da77
	- fabric-lifecycle-events-v1 2.2.21+b3afc78b77
	- fabric-loot-api-v2 1.1.39+b3afc78b77
	- fabric-message-api-v1 5.1.7+3265161977
	- fabric-mining-level-api-v1 2.1.49+b3afc78b77
	- fabric-model-loading-api-v1 1.0.2+709a987177
	- fabric-networking-api-v1 1.3.9+b3afc78b77
	- fabric-object-builder-api-v1 11.1.1+6beca84877
	- fabric-particles-v1 1.1.1+201a23a077
	- fabric-recipe-api-v1 1.0.19+b3afc78b77
	- fabric-registry-sync-v0 2.3.1+4df89eb277
	- fabric-renderer-api-v1 3.1.1+9386d8a777
	- fabric-renderer-indigo 1.4.1+9172968c77
	- fabric-rendering-data-attachment-v1 0.3.34+b3afc78b77
	- fabric-rendering-fluids-v1 3.0.27+b3afc78b77
	- fabric-rendering-v1 3.0.7+b3afc78b77
	- fabric-resource-conditions-api-v1 2.3.5+ea08f9d877
	- fabric-resource-loader-v0 0.11.9+132c48c177
	- fabric-screen-api-v1 2.0.7+b3afc78b77
	- fabric-screen-handler-api-v1 1.3.28+b3afc78b77
	- fabric-sound-api-v1 1.0.12+b3afc78b77
	- fabric-transfer-api-v1 3.3.0+cdf060b277
	- fabric-transitive-access-wideners-v1 4.3.0+6c31357e77
	- fabricloader 0.14.21
	- java 17
	- minecraft 1.20.1
	- worldgen 1.0.0
[22:07:40] [main/INFO] (FabricLoader/Mixin) SpongePowered MIXIN Subsystem Version=0.8.5 Source=file:/C:/Users/skess/.gradle/caches/modules-2/files-2.1/net.fabricmc/sponge-mixin/0.12.5+mixin.0.8.5/8d31fb97c3e0cd7c8dad3441851c523bcfae6d8e/sponge-mixin-0.12.5+mixin.0.8.5.jar Service=Knot/Fabric Env=CLIENT
[22:07:40] [main/INFO] (FabricLoader/Mixin) Loaded Fabric development mappings for mixin remapper!
[22:07:40] [main/INFO] (FabricLoader/Mixin) Compatibility level set to JAVA_17
[22:07:48] [Datafixer Bootstrap/INFO] (Minecraft) 188 Datafixer optimizations took 211 milliseconds
[22:07:50] [Render thread/INFO] (Minecraft) Environment: authHost='https://authserver.mojang.com', accountsHost='https://api.mojang.com', sessionHost='https://sessionserver.mojang.com', servicesHost='https://api.minecraftservices.com', name='PROD'
[22:07:51] [Render thread/ERROR] (Minecraft) Failed to verify authentication
com.mojang.authlib.exceptions.InvalidCredentialsException: Status: 401
	at com.mojang.authlib.exceptions.MinecraftClientHttpException.toAuthenticationException(MinecraftClientHttpException.java:56) ~[authlib-4.0.43.jar:?]
	at com.mojang.authlib.yggdrasil.YggdrasilUserApiService.fetchProperties(YggdrasilUserApiService.java:156) ~[authlib-4.0.43.jar:?]
	at com.mojang.authlib.yggdrasil.YggdrasilUserApiService.<init>(YggdrasilUserApiService.java:55) ~[authlib-4.0.43.jar:?]
	at com.mojang.authlib.yggdrasil.YggdrasilAuthenticationService.createUserApiService(YggdrasilAuthenticationService.java:124) ~[authlib-4.0.43.jar:?]
	at net.minecraft.client.MinecraftClient.createUserApiService(MinecraftClient.java:740) ~[minecraft-merged-project-root-1.20.1-net.fabricmc.yarn.1_20_1.1.20.1+build.10-v2.jar:?]
	at net.minecraft.client.MinecraftClient.<init>(MinecraftClient.java:514) ~[minecraft-merged-project-root-1.20.1-net.fabricmc.yarn.1_20_1.1.20.1+build.10-v2.jar:?]
	at net.minecraft.client.main.Main.main(Main.java:184) ~[minecraft-merged-project-root-1.20.1-net.fabricmc.yarn.1_20_1.1.20.1+build.10-v2.jar:?]
	at net.fabricmc.loader.impl.game.minecraft.MinecraftGameProvider.launch(MinecraftGameProvider.java:468) ~[fabric-loader-0.14.21.jar:?]
	at net.fabricmc.loader.impl.launch.knot.Knot.launch(Knot.java:74) ~[fabric-loader-0.14.21.jar:?]
	at net.fabricmc.loader.impl.launch.knot.KnotClient.main(KnotClient.java:23) ~[fabric-loader-0.14.21.jar:?]
	at net.fabricmc.devlaunchinjector.Main.main(Main.java:86) ~[dev-launch-injector-0.2.1+build.8.jar:?]
Caused by: com.mojang.authlib.exceptions.MinecraftClientHttpException: Status: 401
	at com.mojang.authlib.minecraft.client.MinecraftClient.readInputStream(MinecraftClient.java:85) ~[authlib-4.0.43.jar:?]
	at com.mojang.authlib.minecraft.client.MinecraftClient.get(MinecraftClient.java:48) ~[authlib-4.0.43.jar:?]
	at com.mojang.authlib.yggdrasil.YggdrasilUserApiService.fetchProperties(YggdrasilUserApiService.java:129) ~[authlib-4.0.43.jar:?]
	... 9 more
[22:07:51] [Render thread/INFO] (Minecraft) Setting user: Player981
[22:07:51] [Render thread/INFO] (Indigo) [Indigo] Registering Indigo renderer!
[22:07:52] [Render thread/INFO] (Minecraft) Backend library: LWJGL version 3.3.1 SNAPSHOT
[22:07:53] [Render thread/INFO] (Minecraft) Reloading ResourceManager: vanilla, fabric (fabric-item-group-api-v1, fabric-command-api-v2, fabric-blockrenderlayer-v1, fabric-loot-api-v2, fabric-resource-conditions-api-v1, fabric-gametest-api-v1, fabric-biome-api-v1, fabric-rendering-data-attachment-v1, fabric-api, fabric-events-interaction-v0, fabric-message-api-v1, fabric-client-tags-api-v1, fabric-convention-tags-v1, fabric-item-api-v1, fabric-renderer-api-v1, fabric-registry-sync-v0, fabric-mining-level-api-v1, fabric-screen-handler-api-v1, fabric-rendering-fluids-v1, fabric-transfer-api-v1, fabric-entity-events-v1, fabric-model-loading-api-v1, fabric-game-rule-api-v1, fabric-rendering-v1, fabricloader, fabric-screen-api-v1, fabric-api-lookup-api-v1, fabric-block-api-v1, fabric-particles-v1, fabric-renderer-indigo, fabric-crash-report-info-v1, fabric-api-base, fabric-lifecycle-events-v1, fabric-dimensions-v1, fabric-key-binding-api-v1, fabric-object-builder-api-v1, fabric-networking-api-v1, fabric-transitive-access-wideners-v1, fabric-resource-loader-v0, fabric-data-generation-api-v1, fabric-recipe-api-v1, fabric-content-registries-v0, fabric-sound-api-v1, worldgen)
[22:07:53] [Worker-Main-9/INFO] (Minecraft) Found unifont_all_no_pua-15.0.06.hex, loading
[22:07:54] [Realms Notification Availability checker #1/INFO] (Minecraft) Could not authorize you against Realms server: Invalid session id
[22:07:55] [Render thread/WARN] (Minecraft) Missing sound for event: minecraft:item.goat_horn.play
[22:07:55] [Render thread/WARN] (Minecraft) Missing sound for event: minecraft:entity.goat.screaming.horn_break
[22:07:55] [Render thread/INFO] (Minecraft) OpenAL initialized on device OpenAL Soft on SteelSeries Sonar - Gaming (SteelSeries Sonar Virtual Audio Device)
[22:07:55] [Render thread/INFO] (Minecraft) Sound engine started
[22:07:55] [Render thread/INFO] (Minecraft) Created: 1024x512x4 minecraft:textures/atlas/blocks.png-atlas
[22:07:55] [Render thread/INFO] (Minecraft) Created: 256x256x4 minecraft:textures/atlas/signs.png-atlas
[22:07:55] [Render thread/INFO] (Minecraft) Created: 512x512x4 minecraft:textures/atlas/banner_patterns.png-atlas
[22:07:55] [Render thread/INFO] (Minecraft) Created: 512x512x4 minecraft:textures/atlas/shield_patterns.png-atlas
[22:07:55] [Render thread/INFO] (Minecraft) Created: 1024x1024x4 minecraft:textures/atlas/armor_trims.png-atlas
[22:07:55] [Render thread/INFO] (Minecraft) Created: 256x256x4 minecraft:textures/atlas/chest.png-atlas
[22:07:55] [Render thread/INFO] (Minecraft) Created: 128x64x4 minecraft:textures/atlas/decorated_pot.png-atlas
[22:07:55] [Render thread/INFO] (Minecraft) Created: 512x256x4 minecraft:textures/atlas/beds.png-atlas
[22:07:55] [Render thread/INFO] (Minecraft) Created: 512x256x4 minecraft:textures/atlas/shulker_boxes.png-atlas
[22:07:55] [Render thread/WARN] (Minecraft) Shader rendertype_entity_translucent_emissive could not find sampler named Sampler2 in the specified shader program.
[22:07:55] [Render thread/INFO] (Minecraft) Created: 256x256x0 minecraft:textures/atlas/particles.png-atlas
[22:07:55] [Render thread/INFO] (Minecraft) Created: 256x256x0 minecraft:textures/atlas/paintings.png-atlas
[22:07:55] [Render thread/INFO] (Minecraft) Created: 128x128x0 minecraft:textures/atlas/mob_effects.png-atlas
[22:08:00] [Render thread/INFO] (Minecraft) Deleting level New World (3)
[22:08:00] [Render thread/INFO] (Minecraft) Attempt 1...
[22:08:01] [Render thread/INFO] (Minecraft) Deleting level New World (1)
[22:08:01] [Render thread/INFO] (Minecraft) Attempt 1...
[22:08:03] [Render thread/INFO] (Minecraft) Deleting level New World (2)
[22:08:03] [Render thread/INFO] (Minecraft) Attempt 1...
[22:08:04] [Render thread/INFO] (Minecraft) Deleting level New World
[22:08:04] [Render thread/INFO] (Minecraft) Attempt 1...
[22:08:05] [Render thread/INFO] (Minecraft) Loaded 7 recipes
[22:08:05] [Render thread/INFO] (Minecraft) Loaded 1271 advancements
[22:08:07] [Render thread/INFO] (Minecraft) Loaded 7 recipes
[22:08:07] [Render thread/INFO] (Minecraft) Loaded 1271 advancements
[22:08:10] [Render thread/INFO] (BiomeModificationImpl) Applied 0 biome modifications to 0 of 64 new biomes in 1.438 ms
[22:08:10] [Server thread/INFO] (Minecraft) Starting integrated minecraft server version 1.20.1
[22:08:10] [Server thread/INFO] (Minecraft) Generating keypair
[22:08:12] [Server thread/INFO] (Minecraft) Preparing start region for dimension minecraft:overworld
[22:08:13] [Render thread/INFO] (Minecraft) Preparing spawn area: 0%
[22:08:13] [Render thread/INFO] (Minecraft) Preparing spawn area: 0%
[22:08:13] [Render thread/INFO] (Minecraft) Preparing spawn area: 0%
[22:08:14] [Render thread/INFO] (Minecraft) Preparing spawn area: 1%
[22:08:14] [Render thread/INFO] (Minecraft) Preparing spawn area: 2%
[22:08:15] [Render thread/INFO] (Minecraft) Preparing spawn area: 5%
[22:08:15] [Render thread/INFO] (Minecraft) Preparing spawn area: 9%
[22:08:16] [Render thread/INFO] (Minecraft) Preparing spawn area: 11%
[22:08:16] [Render thread/INFO] (Minecraft) Preparing spawn area: 15%
[22:08:17] [Render thread/INFO] (Minecraft) Preparing spawn area: 17%
[22:08:17] [Render thread/INFO] (Minecraft) Preparing spawn area: 21%
[22:08:18] [Render thread/INFO] (Minecraft) Preparing spawn area: 25%
[22:08:18] [Render thread/INFO] (Minecraft) Preparing spawn area: 28%
[22:08:19] [Render thread/INFO] (Minecraft) Preparing spawn area: 32%
[22:08:19] [Render thread/INFO] (Minecraft) Preparing spawn area: 37%
[22:08:20] [Render thread/INFO] (Minecraft) Preparing spawn area: 42%
[22:08:20] [Render thread/INFO] (Minecraft) Preparing spawn area: 46%
[22:08:21] [Render thread/INFO] (Minecraft) Preparing spawn area: 53%
[22:08:21] [Render thread/INFO] (Minecraft) Preparing spawn area: 57%
[22:08:22] [Render thread/INFO] (Minecraft) Preparing spawn area: 61%
[22:08:22] [Render thread/INFO] (Minecraft) Preparing spawn area: 66%
[22:08:23] [Render thread/INFO] (Minecraft) Preparing spawn area: 69%
[22:08:23] [Render thread/INFO] (Minecraft) Preparing spawn area: 75%
[22:08:24] [Render thread/INFO] (Minecraft) Preparing spawn area: 82%
[22:08:24] [Render thread/INFO] (Minecraft) Preparing spawn area: 85%
[22:08:25] [Render thread/INFO] (Minecraft) Preparing spawn area: 91%
[22:08:25] [Render thread/INFO] (Minecraft) Preparing spawn area: 96%
[22:08:26] [Render thread/INFO] (Minecraft) Time elapsed: 13150 ms
[22:08:26] [Server thread/INFO] (Minecraft) Changing view distance to 32, from 10
[22:08:26] [Server thread/INFO] (Minecraft) Changing simulation distance to 12, from 0
[22:08:27] [Server thread/INFO] (Minecraft) Player981[local:E:59b540e9] logged in with entity id 433 at (-143.5, 96.0, -90.5)
[22:08:27] [Server thread/INFO] (Minecraft) Player981 joined the game
[22:08:30] [Render thread/INFO] (Minecraft) Loaded 2 advancements
[22:08:31] [Server thread/INFO] (Minecraft) Saving and pausing game...
[22:08:31] [Server thread/INFO] (Minecraft) Saving chunks for level 'ServerLevel[New World]'/minecraft:overworld
[22:08:31] [Server thread/INFO] (Minecraft) Saving chunks for level 'ServerLevel[New World]'/minecraft:the_nether
[22:08:31] [Server thread/INFO] (Minecraft) Saving chunks for level 'ServerLevel[New World]'/minecraft:the_end
[22:08:45] [Server thread/INFO] (Minecraft) Saving and pausing game...
[22:08:45] [Server thread/INFO] (Minecraft) Saving chunks for level 'ServerLevel[New World]'/minecraft:overworld
[22:08:45] [Server thread/INFO] (Minecraft) Saving chunks for level 'ServerLevel[New World]'/minecraft:the_nether
[22:08:45] [Server thread/INFO] (Minecraft) Saving chunks for level 'ServerLevel[New World]'/minecraft:the_end
[22:08:54] [Render thread/INFO] (Minecraft) [System] [CHAT] Saved screenshot as 2023-07-28_22.08.54.png
[22:09:41] [Render thread/INFO] (Minecraft) [System] [CHAT] Saved screenshot as 2023-07-28_22.09.41.png
[22:09:46] [Server thread/INFO] (Minecraft) Villager VillagerEntity['Villager'/3838, l='ServerLevel[New World]', x=-914.37, y=64.00, z=-241.72] died, message: 'Villager suffocated in a wall'
[22:09:47] [Server thread/INFO] (Minecraft) Villager VillagerEntity['Villager'/3857, l='ServerLevel[New World]', x=-933.28, y=64.00, z=-238.37] died, message: 'Villager suffocated in a wall'
[22:11:59] [Render thread/INFO] (Minecraft) [System] [CHAT] Saved screenshot as 2023-07-28_22.11.58.png
[22:13:39] [Render thread/INFO] (Minecraft) [System] [CHAT] Saved screenshot as 2023-07-28_22.13.38.png
[22:14:43] [Server thread/INFO] (Minecraft) Villager VillagerEntity['Villager'/17220, l='ServerLevel[New World]', x=-2072.28, y=68.00, z=2262.63] died, message: 'Villager suffocated in a wall'
[22:14:43] [Render thread/INFO] (Minecraft) Villager VillagerEntity['Villager'/17220, l='ClientLevel', x=-2072.28, y=68.00, z=2262.63] died, message: 'Villager died'
[22:14:43] [Server thread/INFO] (Minecraft) Villager VillagerEntity['Villager'/17295, l='ServerLevel[New World]', x=-2057.63, y=67.00, z=2224.72] died, message: 'Villager suffocated in a wall'
[22:14:43] [Render thread/INFO] (Minecraft) Villager VillagerEntity['Villager'/17295, l='ClientLevel', x=-2057.63, y=67.00, z=2224.72] died, message: 'Villager died'
[22:16:12] [Server thread/INFO] (Minecraft) Villager VillagerEntity['Villager'/24310, l='ServerLevel[New World]', x=-454.63, y=66.00, z=2577.72] died, message: 'Villager suffocated in a wall'
[22:16:12] [Server thread/INFO] (Minecraft) Villager VillagerEntity['Villager'/24292, l='ServerLevel[New World]', x=-462.72, y=64.00, z=2561.37] died, message: 'Villager suffocated in a wall'
[22:16:12] [Server thread/INFO] (Minecraft) Villager VillagerEntity['Villager'/24293, l='ServerLevel[New World]', x=-462.63, y=64.00, z=2568.72] died, message: 'Villager suffocated in a wall'
[22:16:12] [Render thread/INFO] (Minecraft) Villager VillagerEntity['Villager'/24310, l='ClientLevel', x=-454.63, y=66.00, z=2577.72] died, message: 'Villager died'
[22:16:12] [Render thread/INFO] (Minecraft) Villager VillagerEntity['Villager'/24292, l='ClientLevel', x=-462.72, y=64.00, z=2561.37] died, message: 'Villager died'
[22:16:12] [Render thread/INFO] (Minecraft) Villager VillagerEntity['Villager'/24293, l='ClientLevel', x=-462.63, y=64.00, z=2568.72] died, message: 'Villager died'
[22:16:13] [Server thread/INFO] (Minecraft) Villager VillagerEntity['Villager'/24339, l='ServerLevel[New World]', x=-445.37, y=65.00, z=2556.28] died, message: 'Villager suffocated in a wall'
[22:16:13] [Render thread/INFO] (Minecraft) Villager VillagerEntity['Villager'/24339, l='ClientLevel', x=-445.37, y=65.00, z=2556.28] died, message: 'Villager died'
[22:16:47] [Server thread/INFO] (Minecraft) Villager VillagerEntity['Villager'/26389, l='ServerLevel[New World]', x=135.93, y=72.00, z=2831.37] died, message: 'Villager suffocated in a wall'
[22:17:42] [Render thread/INFO] (Minecraft) [System] [CHAT] Saved screenshot as 2023-07-28_22.17.42.png
[22:18:30] [Server thread/INFO] (Minecraft) Villager VillagerEntity['Villager'/31429, l='ServerLevel[New World]', x=1361.28, y=79.00, z=3482.37] died, message: 'Villager suffocated in a wall'
[22:18:46] [Render thread/INFO] (Minecraft) [System] [CHAT] Saved screenshot as 2023-07-28_22.18.45.png
[22:19:22] [Server thread/INFO] (Minecraft) Villager VillagerEntity['Villager'/31778, l='ServerLevel[New World]', x=1236.28, y=68.00, z=2880.37] died, message: 'Villager suffocated in a wall'
[22:19:22] [Server thread/INFO] (Minecraft) Villager VillagerEntity['Villager'/31783, l='ServerLevel[New World]', x=1258.28, y=68.00, z=2885.37] died, message: 'Villager suffocated in a wall'
[22:19:25] [Server thread/INFO] (Minecraft) [Player981: Set the time to 1000]
[22:19:25] [Render thread/INFO] (Minecraft) [System] [CHAT] Set the time to 1000
[22:19:27] [Server thread/INFO] (Minecraft) Saving and pausing game...
[22:19:27] [Server thread/INFO] (Minecraft) Saving chunks for level 'ServerLevel[New World]'/minecraft:overworld
[22:19:27] [Server thread/INFO] (Minecraft) Saving chunks for level 'ServerLevel[New World]'/minecraft:the_nether
[22:19:27] [Server thread/INFO] (Minecraft) Saving chunks for level 'ServerLevel[New World]'/minecraft:the_end
[22:19:28] [Server thread/INFO] (Minecraft) Player981 lost connection: Disconnected
[22:19:28] [Server thread/INFO] (Minecraft) Player981 left the game
[22:19:28] [Server thread/INFO] (Minecraft) Stopping singleplayer server as player logged out
[22:19:28] [Server thread/INFO] (Minecraft) Stopping server
[22:19:28] [Server thread/INFO] (Minecraft) Saving players
[22:19:28] [Server thread/INFO] (Minecraft) Saving worlds
[22:19:29] [Server thread/INFO] (Minecraft) Saving chunks for level 'ServerLevel[New World]'/minecraft:overworld
[22:19:31] [Server thread/INFO] (Minecraft) Saving chunks for level 'ServerLevel[New World]'/minecraft:the_nether
[22:19:31] [Server thread/INFO] (Minecraft) Saving chunks for level 'ServerLevel[New World]'/minecraft:the_end
[22:19:31] [Server thread/INFO] (Minecraft) ThreadedAnvilChunkStorage (New World): All chunks are saved
[22:19:31] [Server thread/INFO] (Minecraft) ThreadedAnvilChunkStorage (DIM-1): All chunks are saved
[22:19:31] [Server thread/INFO] (Minecraft) ThreadedAnvilChunkStorage (DIM1): All chunks are saved
[22:19:31] [Server thread/INFO] (Minecraft) ThreadedAnvilChunkStorage: All dimensions are saved
[22:19:35] [Render thread/INFO] (Minecraft) Stopping!
